# JRE version: Java(TM) SE Runtime Environment (7.0_51-b13) (build 1.7.0_51-b13)
# Java VM: Java HotSpot(TM) 64-Bit Server VM (24.51-b03 mixed mode windows-amd64 compressed oops)
Heap
 PSYoungGen      total 233472K, used 86644K [0x00000000eaa80000, 0x0000000100000000, 0x0000000100000000)
  eden space 117248K, 71% used [0x00000000eaa80000,0x00000000efc950b0,0x00000000f1d00000)
  from space 116224K, 2% used [0x00000000f1d00000,0x00000000f1f87fb8,0x00000000f8e80000)
  to   space 116224K, 0% used [0x00000000f8e80000,0x00000000f8e80000,0x0000000100000000)
 ParOldGen       total 340992K, used 209310K [0x00000000c0000000, 0x00000000d4d00000, 0x00000000eaa80000)
  object space 340992K, 61% used [0x00000000c0000000,0x00000000ccc67b10,0x00000000d4d00000)
 PSPermGen       total 83968K, used 72527K [0x00000000bae00000, 0x00000000c0000000, 0x00000000c0000000)
  object space 83968K, 86% used [0x00000000bae00000,0x00000000bf4d3c40,0x00000000c0000000)
GC Heap History (10 events):
Event: 229.097 GC heap before
{Heap before GC invocations=26 (full 3):
 PSYoungGen      total 233472K, used 133603K [0x00000000eaa80000, 0x0000000100000000, 0x0000000100000000)
  eden space 117248K, 100% used [0x00000000eaa80000,0x00000000f1d00000,0x00000000f1d00000)
  from space 116224K, 14% used [0x00000000f8e80000,0x00000000f9e78e18,0x0000000100000000)
  to   space 116224K, 0% used [0x00000000f1d00000,0x00000000f1d00000,0x00000000f8e80000)
 ParOldGen       total 340992K, used 177556K [0x00000000c0000000, 0x00000000d4d00000, 0x00000000eaa80000)
  object space 340992K, 52% used [0x00000000c0000000,0x00000000cad650d0,0x00000000d4d00000)
 PSPermGen       total 83968K, used 67136K [0x00000000bae00000, 0x00000000c0000000, 0x00000000c0000000)
  object space 83968K, 79% used [0x00000000bae00000,0x00000000bef90288,0x00000000c0000000)
Event: 229.123 GC heap after
Heap after GC invocations=26 (full 3):
 PSYoungGen      total 233472K, used 2655K [0x00000000eaa80000, 0x0000000100000000, 0x0000000100000000)
  eden space 117248K, 0% used [0x00000000eaa80000,0x00000000eaa80000,0x00000000f1d00000)
  from space 116224K, 2% used [0x00000000f1d00000,0x00000000f1f97e80,0x00000000f8e80000)
  to   space 116224K, 0% used [0x00000000f8e80000,0x00000000f8e80000,0x0000000100000000)
 ParOldGen       total 340992K, used 192665K [0x00000000c0000000, 0x00000000d4d00000, 0x00000000eaa80000)
  object space 340992K, 56% used [0x00000000c0000000,0x00000000cbc26460,0x00000000d4d00000)
 PSPermGen       total 83968K, used 67136K [0x00000000bae00000, 0x00000000c0000000, 0x00000000c0000000)
  object space 83968K, 79% used [0x00000000bae00000,0x00000000bef90288,0x00000000c0000000)
}
Event: 337.960 GC heap before
{Heap before GC invocations=27 (full 3):
 PSYoungGen      total 233472K, used 119903K [0x00000000eaa80000, 0x0000000100000000, 0x0000000100000000)
  eden space 117248K, 100% used [0x00000000eaa80000,0x00000000f1d00000,0x00000000f1d00000)
  from space 116224K, 2% used [0x00000000f1d00000,0x00000000f1f97e80,0x00000000f8e80000)
  to   space 116224K, 0% used [0x00000000f8e80000,0x00000000f8e80000,0x0000000100000000)
 ParOldGen       total 340992K, used 192665K [0x00000000c0000000, 0x00000000d4d00000, 0x00000000eaa80000)
  object space 340992K, 56% used [0x00000000c0000000,0x00000000cbc26460,0x00000000d4d00000)
 PSPermGen       total 83968K, used 67153K [0x00000000bae00000, 0x00000000c0000000, 0x00000000c0000000)
  object space 83968K, 79% used [0x00000000bae00000,0x00000000bef947e0,0x00000000c0000000)
Event: 337.966 GC heap after
Heap after GC invocations=27 (full 3):
 PSYoungGen      total 233472K, used 932K [0x00000000eaa80000, 0x0000000100000000, 0x0000000100000000)
  eden space 117248K, 0% used [0x00000000eaa80000,0x00000000eaa80000,0x00000000f1d00000)
  from space 116224K, 0% used [0x00000000f8e80000,0x00000000f8f69030,0x0000000100000000)
  to   space 116224K, 0% used [0x00000000f1d00000,0x00000000f1d00000,0x00000000f8e80000)
 ParOldGen       total 340992K, used 193945K [0x00000000c0000000, 0x00000000d4d00000, 0x00000000eaa80000)
  object space 340992K, 56% used [0x00000000c0000000,0x00000000cbd66490,0x00000000d4d00000)
 PSPermGen       total 83968K, used 67153K [0x00000000bae00000, 0x00000000c0000000, 0x00000000c0000000)
  object space 83968K, 79% used [0x00000000bae00000,0x00000000bef947e0,0x00000000c0000000)
}
Event: 368.027 GC heap before
{Heap before GC invocations=28 (full 3):
 PSYoungGen      total 233472K, used 118180K [0x00000000eaa80000, 0x0000000100000000, 0x0000000100000000)
  eden space 117248K, 100% used [0x00000000eaa80000,0x00000000f1d00000,0x00000000f1d00000)
  from space 116224K, 0% used [0x00000000f8e80000,0x00000000f8f69030,0x0000000100000000)
  to   space 116224K, 0% used [0x00000000f1d00000,0x00000000f1d00000,0x00000000f8e80000)
 ParOldGen       total 340992K, used 193945K [0x00000000c0000000, 0x00000000d4d00000, 0x00000000eaa80000)
  object space 340992K, 56% used [0x00000000c0000000,0x00000000cbd66490,0x00000000d4d00000)
 PSPermGen       total 83968K, used 67174K [0x00000000bae00000, 0x00000000c0000000, 0x00000000c0000000)
  object space 83968K, 79% used [0x00000000bae00000,0x00000000bef99928,0x00000000c0000000)
Event: 368.035 GC heap after
Heap after GC invocations=28 (full 3):
 PSYoungGen      total 233472K, used 2637K [0x00000000eaa80000, 0x0000000100000000, 0x0000000100000000)
  eden space 117248K, 0% used [0x00000000eaa80000,0x00000000eaa80000,0x00000000f1d00000)
  from space 116224K, 2% used [0x00000000f1d00000,0x00000000f1f937c0,0x00000000f8e80000)
  to   space 116224K, 0% used [0x00000000f8e80000,0x00000000f8e80000,0x0000000100000000)
 ParOldGen       total 340992K, used 194376K [0x00000000c0000000, 0x00000000d4d00000, 0x00000000eaa80000)
  object space 340992K, 57% used [0x00000000c0000000,0x00000000cbdd20f0,0x00000000d4d00000)
 PSPermGen       total 83968K, used 67174K [0x00000000bae00000, 0x00000000c0000000, 0x00000000c0000000)
  object space 83968K, 79% used [0x00000000bae00000,0x00000000bef99928,0x00000000c0000000)
}
Event: 368.844 GC heap before
{Heap before GC invocations=29 (full 3):
 PSYoungGen      total 233472K, used 119885K [0x00000000eaa80000, 0x0000000100000000, 0x0000000100000000)
  eden space 117248K, 100% used [0x00000000eaa80000,0x00000000f1d00000,0x00000000f1d00000)
  from space 116224K, 2% used [0x00000000f1d00000,0x00000000f1f937c0,0x00000000f8e80000)
  to   space 116224K, 0% used [0x00000000f8e80000,0x00000000f8e80000,0x0000000100000000)
 ParOldGen       total 340992K, used 194376K [0x00000000c0000000, 0x00000000d4d00000, 0x00000000eaa80000)
  object space 340992K, 57% used [0x00000000c0000000,0x00000000cbdd20f0,0x00000000d4d00000)
 PSPermGen       total 83968K, used 68495K [0x00000000bae00000, 0x00000000c0000000, 0x00000000c0000000)
  object space 83968K, 81% used [0x00000000bae00000,0x00000000bf0e3c58,0x00000000c0000000)
Event: 368.866 GC heap after
Heap after GC invocations=29 (full 3):
 PSYoungGen      total 233472K, used 14005K [0x00000000eaa80000, 0x0000000100000000, 0x0000000100000000)
  eden space 117248K, 0% used [0x00000000eaa80000,0x00000000eaa80000,0x00000000f1d00000)
  from space 116224K, 12% used [0x00000000f8e80000,0x00000000f9c2d4b0,0x0000000100000000)
  to   space 116224K, 0% used [0x00000000f1d00000,0x00000000f1d00000,0x00000000f8e80000)
 ParOldGen       total 340992K, used 196058K [0x00000000c0000000, 0x00000000d4d00000, 0x00000000eaa80000)
  object space 340992K, 57% used [0x00000000c0000000,0x00000000cbf76be0,0x00000000d4d00000)
 PSPermGen       total 83968K, used 68495K [0x00000000bae00000, 0x00000000c0000000, 0x00000000c0000000)
  object space 83968K, 81% used [0x00000000bae00000,0x00000000bf0e3c58,0x00000000c0000000)
}
Event: 371.486 GC heap before
{Heap before GC invocations=30 (full 3):
 PSYoungGen      total 233472K, used 131253K [0x00000000eaa80000, 0x0000000100000000, 0x0000000100000000)
  eden space 117248K, 100% used [0x00000000eaa80000,0x00000000f1d00000,0x00000000f1d00000)
  from space 116224K, 12% used [0x00000000f8e80000,0x00000000f9c2d4b0,0x0000000100000000)
  to   space 116224K, 0% used [0x00000000f1d00000,0x00000000f1d00000,0x00000000f8e80000)
 ParOldGen       total 340992K, used 196058K [0x00000000c0000000, 0x00000000d4d00000, 0x00000000eaa80000)
  object space 340992K, 57% used [0x00000000c0000000,0x00000000cbf76be0,0x00000000d4d00000)
 PSPermGen       total 83968K, used 71421K [0x00000000bae00000, 0x00000000c0000000, 0x00000000c0000000)
  object space 83968K, 85% used [0x00000000bae00000,0x00000000bf3bf498,0x00000000c0000000)
Event: 371.509 GC heap after
Heap after GC invocations=30 (full 3):
 PSYoungGen      total 233472K, used 2591K [0x00000000eaa80000, 0x0000000100000000, 0x0000000100000000)
  eden space 117248K, 0% used [0x00000000eaa80000,0x00000000eaa80000,0x00000000f1d00000)
  from space 116224K, 2% used [0x00000000f1d00000,0x00000000f1f87fb8,0x00000000f8e80000)
  to   space 116224K, 0% used [0x00000000f8e80000,0x00000000f8e80000,0x0000000100000000)
 ParOldGen       total 340992K, used 209310K [0x00000000c0000000, 0x00000000d4d00000, 0x00000000eaa80000)
  object space 340992K, 61% used [0x00000000c0000000,0x00000000ccc67b10,0x00000000d4d00000)
 PSPermGen       total 83968K, used 71421K [0x00000000bae00000, 0x00000000c0000000, 0x00000000c0000000)
  object space 83968K, 85% used [0x00000000bae00000,0x00000000bf3bf498,0x00000000c0000000)
}

